<?xml version="1.0" encoding="UTF-8"?>
<testng-results ignored="0" total="1" passed="1" failed="0" skipped="0">
  <reporter-output>
  </reporter-output>
  <suite started-at="2022-02-14T14:27:57 IST" name="suite1" finished-at="2022-02-14T14:28:47 IST" duration-ms="50073">
    <groups>
    </groups>
    <test started-at="2022-02-14T14:27:57 IST" name="test6" finished-at="2022-02-14T14:28:47 IST" duration-ms="50073">
      <class name="testScripts.NotesTest">
        <test-method is-config="true" signature="openBrowser(java.lang.String)[pri:0, instance:testScripts.NotesTest@4bb33f74]" started-at="2022-02-14T14:27:57 IST" name="openBrowser" finished-at="2022-02-14T14:28:11 IST" duration-ms="14190" status="PASS">
          <params>
            <param index="0">
              <value>
                <![CDATA[chrome]]>
              </value>
            </param>
          </params>
          <reporter-output>
          </reporter-output>
        </test-method> <!-- openBrowser -->
        <test-method signature="notesTestFunction()[pri:0, instance:testScripts.NotesTest@4bb33f74]" started-at="2022-02-14T14:28:11 IST" name="notesTestFunction" finished-at="2022-02-14T14:28:46 IST" duration-ms="34932" status="PASS">
          <reporter-output>
          </reporter-output>
        </test-method> <!-- notesTestFunction -->
        <test-method is-config="true" signature="closeBrowser()[pri:0, instance:testScripts.NotesTest@4bb33f74]" started-at="2022-02-14T14:28:46 IST" name="closeBrowser" finished-at="2022-02-14T14:28:47 IST" duration-ms="916" status="PASS">
          <reporter-output>
          </reporter-output>
        </test-method> <!-- closeBrowser -->
      </class> <!-- testScripts.NotesTest -->
    </test> <!-- test6 -->
  </suite> <!-- suite1 -->
</testng-results>
