<?xml version="1.0" encoding="UTF-8"?>
<testng-results ignored="0" total="6" passed="6" failed="0" skipped="0">
  <reporter-output>
  </reporter-output>
  <suite started-at="2022-02-15T17:42:12 IST" name="suite1" finished-at="2022-02-15T17:47:58 IST" duration-ms="345265">
    <groups>
    </groups>
    <test started-at="2022-02-15T17:42:12 IST" name="test1" finished-at="2022-02-15T17:42:47 IST" duration-ms="34447">
      <class name="testScripts.LoginTest">
        <test-method is-config="true" signature="openBrowser(java.lang.String)[pri:0, instance:testScripts.LoginTest@7a419da4]" started-at="2022-02-15T17:42:12 IST" name="openBrowser" finished-at="2022-02-15T17:42:29 IST" duration-ms="16410" status="PASS">
          <params>
            <param index="0">
              <value>
                <![CDATA[chrome]]>
              </value>
            </param>
          </params>
          <reporter-output>
          </reporter-output>
        </test-method> <!-- openBrowser -->
        <test-method signature="loginFunction()[pri:0, instance:testScripts.LoginTest@7a419da4]" started-at="2022-02-15T17:42:29 IST" name="loginFunction" finished-at="2022-02-15T17:42:47 IST" duration-ms="17990" status="PASS">
          <reporter-output>
          </reporter-output>
        </test-method> <!-- loginFunction -->
      </class> <!-- testScripts.LoginTest -->
    </test> <!-- test1 -->
    <test started-at="2022-02-15T17:42:48 IST" name="test2" finished-at="2022-02-15T17:43:48 IST" duration-ms="59789">
      <class name="testScripts.AccountTest">
        <test-method is-config="true" signature="openBrowser(java.lang.String)[pri:0, instance:testScripts.AccountTest@1e04fa0a]" started-at="2022-02-15T17:42:48 IST" name="openBrowser" finished-at="2022-02-15T17:43:07 IST" duration-ms="19012" status="PASS">
          <params>
            <param index="0">
              <value>
                <![CDATA[chrome]]>
              </value>
            </param>
          </params>
          <reporter-output>
          </reporter-output>
        </test-method> <!-- openBrowser -->
        <test-method signature="accountTestFunction()[pri:0, instance:testScripts.AccountTest@1e04fa0a]" started-at="2022-02-15T17:43:07 IST" name="accountTestFunction" finished-at="2022-02-15T17:43:48 IST" duration-ms="40773" status="PASS">
          <reporter-output>
          </reporter-output>
        </test-method> <!-- accountTestFunction -->
      </class> <!-- testScripts.AccountTest -->
    </test> <!-- test2 -->
    <test started-at="2022-02-15T17:43:48 IST" name="test3" finished-at="2022-02-15T17:45:06 IST" duration-ms="78033">
      <class name="testScripts.ContactTest">
        <test-method is-config="true" signature="openBrowser(java.lang.String)[pri:0, instance:testScripts.ContactTest@4fb3ee4e]" started-at="2022-02-15T17:43:48 IST" name="openBrowser" finished-at="2022-02-15T17:44:33 IST" duration-ms="45093" status="PASS">
          <params>
            <param index="0">
              <value>
                <![CDATA[chrome]]>
              </value>
            </param>
          </params>
          <reporter-output>
          </reporter-output>
        </test-method> <!-- openBrowser -->
        <test-method signature="contactTestFunction()[pri:0, instance:testScripts.ContactTest@4fb3ee4e]" started-at="2022-02-15T17:44:33 IST" name="contactTestFunction" finished-at="2022-02-15T17:45:06 IST" duration-ms="32938" status="PASS">
          <reporter-output>
          </reporter-output>
        </test-method> <!-- contactTestFunction -->
      </class> <!-- testScripts.ContactTest -->
    </test> <!-- test3 -->
    <test started-at="2022-02-15T17:45:06 IST" name="test4" finished-at="2022-02-15T17:45:58 IST" duration-ms="52136">
      <class name="testScripts.OpportunityTest">
        <test-method is-config="true" signature="openBrowser(java.lang.String)[pri:0, instance:testScripts.OpportunityTest@21e360a]" started-at="2022-02-15T17:45:06 IST" name="openBrowser" finished-at="2022-02-15T17:45:27 IST" duration-ms="21020" status="PASS">
          <params>
            <param index="0">
              <value>
                <![CDATA[chrome]]>
              </value>
            </param>
          </params>
          <reporter-output>
          </reporter-output>
        </test-method> <!-- openBrowser -->
        <test-method signature="accountTestFunction()[pri:0, instance:testScripts.OpportunityTest@21e360a]" started-at="2022-02-15T17:45:27 IST" name="accountTestFunction" finished-at="2022-02-15T17:45:58 IST" duration-ms="31114" status="PASS">
          <reporter-output>
          </reporter-output>
        </test-method> <!-- accountTestFunction -->
      </class> <!-- testScripts.OpportunityTest -->
    </test> <!-- test4 -->
    <test started-at="2022-02-15T17:45:58 IST" name="test5" finished-at="2022-02-15T17:47:07 IST" duration-ms="69125">
      <class name="testScripts.TaskTest">
        <test-method is-config="true" signature="openBrowser(java.lang.String)[pri:0, instance:testScripts.TaskTest@6fd83fc1]" started-at="2022-02-15T17:45:58 IST" name="openBrowser" finished-at="2022-02-15T17:46:22 IST" duration-ms="24339" status="PASS">
          <params>
            <param index="0">
              <value>
                <![CDATA[chrome]]>
              </value>
            </param>
          </params>
          <reporter-output>
          </reporter-output>
        </test-method> <!-- openBrowser -->
        <test-method signature="taskTestFunction()[pri:0, instance:testScripts.TaskTest@6fd83fc1]" started-at="2022-02-15T17:46:22 IST" name="taskTestFunction" finished-at="2022-02-15T17:47:07 IST" duration-ms="44781" status="PASS">
          <reporter-output>
          </reporter-output>
        </test-method> <!-- taskTestFunction -->
      </class> <!-- testScripts.TaskTest -->
    </test> <!-- test5 -->
    <test started-at="2022-02-15T17:47:07 IST" name="test6" finished-at="2022-02-15T17:47:58 IST" duration-ms="50415">
      <class name="testScripts.NotesTest">
        <test-method is-config="true" signature="openBrowser(java.lang.String)[pri:0, instance:testScripts.NotesTest@2ed2d9cb]" started-at="2022-02-15T17:47:07 IST" name="openBrowser" finished-at="2022-02-15T17:47:24 IST" duration-ms="16514" status="PASS">
          <params>
            <param index="0">
              <value>
                <![CDATA[chrome]]>
              </value>
            </param>
          </params>
          <reporter-output>
          </reporter-output>
        </test-method> <!-- openBrowser -->
        <test-method signature="notesTestFunction()[pri:0, instance:testScripts.NotesTest@2ed2d9cb]" started-at="2022-02-15T17:47:24 IST" name="notesTestFunction" finished-at="2022-02-15T17:47:58 IST" duration-ms="33896" status="PASS">
          <reporter-output>
          </reporter-output>
        </test-method> <!-- notesTestFunction -->
      </class> <!-- testScripts.NotesTest -->
    </test> <!-- test6 -->
  </suite> <!-- suite1 -->
</testng-results>
